<?xml version="1.0" encoding="UTF-8"?>
<!-- Generated by org.testng.reporters.JUnitReportReporter -->
<testsuite hostname="DESKTOP-6AHN5Q4" name="Rough.TestCaseRough" tests="1" failures="0" timestamp="17 Jun 2019 09:45:36 GMT" time="61.523" errors="0">
  <testcase name="login" time="61.523" classname="Rough.TestCaseRough"/>
</testsuite> <!-- Rough.TestCaseRough -->
