<?xml version="1.0" encoding="UTF-8"?>
<!-- Generated by org.testng.reporters.JUnitReportReporter -->
<testsuite hostname="DESKTOP-6AHN5Q4" name="Rough.TestCaseRough" tests="1" failures="0" timestamp="21 Jun 2019 10:08:08 GMT" time="2.342" errors="0">
  <testcase name="operation" time="2.342" classname="Rough.TestCaseRough"/>
</testsuite> <!-- Rough.TestCaseRough -->
