<?xml version="1.0" encoding="UTF-8"?>
<!-- Generated by org.testng.reporters.JUnitReportReporter -->
<testsuite hostname="DESKTOP-6AHN5Q4" name="restapi.SimpleGetTest" tests="1" failures="0" timestamp="16 Jul 2019 11:41:34 GMT" time="2.788" errors="0">
  <testcase name="GetWeatherDetails" time="2.788" classname="restapi.SimpleGetTest"/>
</testsuite> <!-- restapi.SimpleGetTest -->
