<?xml version="1.0" encoding="UTF-8"?>
<!-- Generated by org.testng.reporters.JUnitReportReporter -->
<testsuite hostname="DESKTOP-6AHN5Q4" name="crytobulls.loop" tests="1" failures="0" timestamp="1 Aug 2019 10:01:53 GMT" time="0.000" errors="0">
  <testcase name="operation" time="0.000" classname="crytobulls.loop"/>
</testsuite> <!-- crytobulls.loop -->
