<?xml version="1.0" encoding="UTF-8"?>
<!-- Generated by org.testng.reporters.JUnitReportReporter -->
<testsuite hostname="DESKTOP-6AHN5Q4" name="crytobulls.HomeDataDani" tests="1" failures="0" timestamp="19 Jul 2019 11:40:20 GMT" time="81.782" errors="0">
  <testcase name="operation" time="81.782" classname="crytobulls.HomeDataDani"/>
</testsuite> <!-- crytobulls.HomeDataDani -->
