<?xml version="1.0" encoding="UTF-8"?>
<!-- Generated by org.testng.reporters.JUnitReportReporter -->
<testsuite skipped="1" hostname="Danish" name="BjpSadasyata.bjp2" tests="2" failures="0" timestamp="2020-02-29T14:37:08 IST" time="2.924" errors="1">
  <testcase name="openapp" time="2.924" classname="BjpSadasyata.bjp2">
    <error type="org.openqa.selenium.SessionNotCreatedException" message="session not created: This version of ChromeDriver only supports Chrome version 81
Build info: version: &#039;3.141.59&#039;, revision: &#039;e82be7d358&#039;, time: &#039;2018-11-14T08:25:48&#039;
System info: host: &#039;DANISH&#039;, ip: &#039;192.168.17.1&#039;, os.name: &#039;Windows 10&#039;, os.arch: &#039;amd64&#039;, os.version: &#039;10.0&#039;, java.version: &#039;1.8.0_241&#039;
Driver info: driver.version: ChromeDriver
remote stacktrace: Backtrace:
	Ordinal0 [0x00495D53+2448723]
	Ordinal0 [0x003C8131+1605937]
	Ordinal0 [0x002BF879+522361]
	Ordinal0 [0x002505F3+67059]
	Ordinal0 [0x0024CD92+52626]
	Ordinal0 [0x0026C127+180519]
	Ordinal0 [0x0026BF2D+180013]
	Ordinal0 [0x00269E5B+171611]
	Ordinal0 [0x00251DD8+73176]
	Ordinal0 [0x00252E50+77392]
	Ordinal0 [0x00252DE9+77289]
	Ordinal0 [0x003DD6A7+1693351]
	GetHandleVerifier [0x00533E16+522726]
	GetHandleVerifier [0x00533B54+522020]
	GetHandleVerifier [0x00548F67+609079]
	GetHandleVerifier [0x00534686+524886]
	Ordinal0 [0x003D5A8C+1661580]
	Ordinal0 [0x003DF00B+1699851]
	Ordinal0 [0x003DF173+1700211]
	Ordinal0 [0x003F4FE5+1789925]
	BaseThreadInitThunk [0x75EE6359+25]
	RtlGetAppContainerNamedObjectPath [0x77367B74+228]
	RtlGetAppContainerNamedObjectPath [0x77367B44+180]
">
      <![CDATA[org.openqa.selenium.SessionNotCreatedException: session not created: This version of ChromeDriver only supports Chrome version 81
Build info: version: '3.141.59', revision: 'e82be7d358', time: '2018-11-14T08:25:48'
System info: host: 'DANISH', ip: '192.168.17.1', os.name: 'Windows 10', os.arch: 'amd64', os.version: '10.0', java.version: '1.8.0_241'
Driver info: driver.version: ChromeDriver
remote stacktrace: Backtrace:
Ordinal0 [0x00495D53+2448723]
Ordinal0 [0x003C8131+1605937]
Ordinal0 [0x002BF879+522361]
Ordinal0 [0x002505F3+67059]
Ordinal0 [0x0024CD92+52626]
Ordinal0 [0x0026C127+180519]
Ordinal0 [0x0026BF2D+180013]
Ordinal0 [0x00269E5B+171611]
Ordinal0 [0x00251DD8+73176]
Ordinal0 [0x00252E50+77392]
Ordinal0 [0x00252DE9+77289]
Ordinal0 [0x003DD6A7+1693351]
GetHandleVerifier [0x00533E16+522726]
GetHandleVerifier [0x00533B54+522020]
GetHandleVerifier [0x00548F67+609079]
GetHandleVerifier [0x00534686+524886]
Ordinal0 [0x003D5A8C+1661580]
Ordinal0 [0x003DF00B+1699851]
Ordinal0 [0x003DF173+1700211]
Ordinal0 [0x003F4FE5+1789925]
BaseThreadInitThunk [0x75EE6359+25]
RtlGetAppContainerNamedObjectPath [0x77367B74+228]
RtlGetAppContainerNamedObjectPath [0x77367B44+180]

at sun.reflect.NativeConstructorAccessorImpl.newInstance0(Native Method)
at sun.reflect.NativeConstructorAccessorImpl.newInstance(Unknown Source)
at sun.reflect.DelegatingConstructorAccessorImpl.newInstance(Unknown Source)
at java.lang.reflect.Constructor.newInstance(Unknown Source)
at org.openqa.selenium.remote.W3CHandshakeResponse.lambda$errorHandler$0(W3CHandshakeResponse.java:62)
at org.openqa.selenium.remote.HandshakeResponse.lambda$getResponseFunction$0(HandshakeResponse.java:30)
at org.openqa.selenium.remote.ProtocolHandshake.lambda$createSession$0(ProtocolHandshake.java:126)
at java.util.stream.ReferencePipeline$3$1.accept(Unknown Source)
at java.util.Spliterators$ArraySpliterator.tryAdvance(Unknown Source)
at java.util.stream.ReferencePipeline.forEachWithCancel(Unknown Source)
at java.util.stream.AbstractPipeline.copyIntoWithCancel(Unknown Source)
at java.util.stream.AbstractPipeline.copyInto(Unknown Source)
at java.util.stream.AbstractPipeline.wrapAndCopyInto(Unknown Source)
at java.util.stream.FindOps$FindOp.evaluateSequential(Unknown Source)
at java.util.stream.AbstractPipeline.evaluate(Unknown Source)
at java.util.stream.ReferencePipeline.findFirst(Unknown Source)
at org.openqa.selenium.remote.ProtocolHandshake.createSession(ProtocolHandshake.java:128)
at org.openqa.selenium.remote.ProtocolHandshake.createSession(ProtocolHandshake.java:74)
at org.openqa.selenium.remote.HttpCommandExecutor.execute(HttpCommandExecutor.java:136)
at org.openqa.selenium.remote.service.DriverCommandExecutor.execute(DriverCommandExecutor.java:83)
at org.openqa.selenium.remote.RemoteWebDriver.execute(RemoteWebDriver.java:552)
at org.openqa.selenium.remote.RemoteWebDriver.startSession(RemoteWebDriver.java:213)
at org.openqa.selenium.remote.RemoteWebDriver.<init>(RemoteWebDriver.java:131)
at org.openqa.selenium.chrome.ChromeDriver.<init>(ChromeDriver.java:181)
at org.openqa.selenium.chrome.ChromeDriver.<init>(ChromeDriver.java:168)
at org.openqa.selenium.chrome.ChromeDriver.<init>(ChromeDriver.java:123)
at BjpSadasyata.bjp2.openapp(bjp2.java:28)
at sun.reflect.NativeMethodAccessorImpl.invoke0(Native Method)
at sun.reflect.NativeMethodAccessorImpl.invoke(Unknown Source)
at sun.reflect.DelegatingMethodAccessorImpl.invoke(Unknown Source)
at java.lang.reflect.Method.invoke(Unknown Source)
at org.testng.internal.MethodInvocationHelper.invokeMethod(MethodInvocationHelper.java:133)
at org.testng.internal.MethodInvocationHelper.invokeMethodConsideringTimeout(MethodInvocationHelper.java:62)
at org.testng.internal.ConfigInvoker.invokeConfigurationMethod(ConfigInvoker.java:340)
at org.testng.internal.ConfigInvoker.invokeConfigurations(ConfigInvoker.java:294)
at org.testng.TestRunner.invokeTestConfigurations(TestRunner.java:623)
at org.testng.TestRunner.beforeRun(TestRunner.java:613)
at org.testng.TestRunner.run(TestRunner.java:584)
at org.testng.SuiteRunner.runTest(SuiteRunner.java:402)
at org.testng.SuiteRunner.runSequentially(SuiteRunner.java:396)
at org.testng.SuiteRunner.privateRun(SuiteRunner.java:355)
at org.testng.SuiteRunner.run(SuiteRunner.java:304)
at org.testng.SuiteRunnerWorker.runSuite(SuiteRunnerWorker.java:53)
at org.testng.SuiteRunnerWorker.run(SuiteRunnerWorker.java:96)
at org.testng.TestNG.runSuitesSequentially(TestNG.java:1180)
at org.testng.TestNG.runSuitesLocally(TestNG.java:1102)
at org.testng.TestNG.runSuites(TestNG.java:1032)
at org.testng.TestNG.run(TestNG.java:1000)
at org.testng.remote.AbstractRemoteTestNG.run(AbstractRemoteTestNG.java:115)
at org.testng.remote.RemoteTestNG.initAndRun(RemoteTestNG.java:251)
at org.testng.remote.RemoteTestNG.main(RemoteTestNG.java:77)
]]>
    </error>
  </testcase> <!-- openapp -->
  <testcase name="operation" time="0.000" classname="BjpSadasyata.bjp2">
    <skipped/>
  </testcase> <!-- operation -->
</testsuite> <!-- BjpSadasyata.bjp2 -->
