<?xml version="1.0" encoding="UTF-8"?>
<!-- Generated by org.testng.reporters.JUnitReportReporter -->
<testsuite hostname="DESKTOP-6AHN5Q4" name="Rough.screenshot" tests="1" failures="0" timestamp="22 Jun 2019 07:13:06 GMT" time="5.920" errors="0">
  <testcase name="printscreen" time="5.920" classname="Rough.screenshot"/>
</testsuite> <!-- Rough.screenshot -->
