<?xml version="1.0" encoding="UTF-8"?>
<!-- Generated by org.testng.reporters.JUnitReportReporter -->
<testsuite hostname="DESKTOP-6AHN5Q4" name="Rough.Dropdowncount" tests="1" failures="0" timestamp="21 Jun 2019 09:39:50 GMT" time="4.463" errors="0">
  <testcase name="operation" time="4.463" classname="Rough.Dropdowncount"/>
</testsuite> <!-- Rough.Dropdowncount -->
