<?xml version="1.0" encoding="UTF-8"?>
<!-- Generated by org.testng.reporters.JUnitReportReporter -->
<testsuite hostname="DESKTOP-6AHN5Q4" name="Rough.MultipleLogin" tests="3" failures="0" timestamp="6 Jul 2019 10:17:26 GMT" time="56.254" errors="0">
  <testcase name="DataDrivenFrameEx" time="18.190" classname="Rough.MultipleLogin"/>
  <testcase name="DataDrivenFrameEx" time="17.801" classname="Rough.MultipleLogin"/>
  <testcase name="DataDrivenFrameEx" time="20.263" classname="Rough.MultipleLogin"/>
</testsuite> <!-- Rough.MultipleLogin -->
