<?xml version="1.0" encoding="UTF-8"?>
<!-- Generated by org.testng.reporters.JUnitReportReporter -->
<testsuite hostname="DESKTOP-6AHN5Q4" name="crytobulls.AddressGen" tests="3" failures="0" timestamp="15 Jul 2019 09:42:40 GMT" time="670.436" errors="0">
  <testcase name="openbrowser" time="24.316" classname="crytobulls.AddressGen"/>
  <testcase name="deposit" time="491.462" classname="crytobulls.AddressGen"/>
  <testcase name="login" time="154.658" classname="crytobulls.AddressGen"/>
</testsuite> <!-- crytobulls.AddressGen -->
