<?xml version="1.0" encoding="UTF-8"?>
<!-- Generated by org.testng.reporters.JUnitReportReporter -->
<testsuite hostname="DESKTOP-6AHN5Q4" name="crytobulls.Homedata2raju" tests="1" failures="0" timestamp="19 Jul 2019 11:31:40 GMT" time="214.155" errors="0">
  <testcase name="operation" time="214.155" classname="crytobulls.Homedata2raju"/>
</testsuite> <!-- crytobulls.Homedata2raju -->
