<?xml version="1.0" encoding="UTF-8"?>
<!-- Generated by org.testng.reporters.JUnitReportReporter -->
<testsuite hostname="DESKTOP-6AHN5Q4" name="Rough.Dataproviderclass" tests="1" failures="0" timestamp="9 Jul 2019 09:02:26 GMT" time="0.402" errors="0">
  <testcase name="getData" time="0.402" classname="Rough.Dataproviderclass"/>
</testsuite> <!-- Rough.Dataproviderclass -->
