<?xml version="1.0" encoding="UTF-8"?>
<!-- Generated by org.testng.reporters.JUnitReportReporter -->
<testsuite hostname="DESKTOP-6AHN5Q4" name="crytobulls.AddressGen" tests="3" failures="0" timestamp="19 Jun 2019 06:00:59 GMT" time="1302.382" errors="0">
  <testcase name="login" time="304.862" classname="crytobulls.AddressGen"/>
  <testcase name="openbrowser" time="4.194" classname="crytobulls.AddressGen"/>
  <testcase name="deposit" time="993.326" classname="crytobulls.AddressGen"/>
</testsuite> <!-- crytobulls.AddressGen -->
