<?xml version="1.0" encoding="UTF-8"?>
<!-- Generated by org.testng.reporters.JUnitReportReporter -->
<testsuite hostname="DESKTOP-6AHN5Q4" name="automation.chromebrowser" tests="1" failures="0" timestamp="11 Jun 2019 11:42:39 GMT" time="5.463" errors="0">
  <testcase name="openbrowser" time="5.463" classname="automation.chromebrowser"/>
</testsuite> <!-- automation.chromebrowser -->
