<?xml version="1.0" encoding="UTF-8"?>
<!-- Generated by org.testng.reporters.JUnitReportReporter -->
<testsuite hostname="DESKTOP-6AHN5Q4" name="BjpSadasyata.BjpMemberClone" tests="1" failures="0" timestamp="31 Aug 2019 09:31:51 GMT" time="123.328" errors="0">
  <testcase name="operation" time="123.328" classname="BjpSadasyata.BjpMemberClone"/>
</testsuite> <!-- BjpSadasyata.BjpMemberClone -->
