<?xml version="1.0" encoding="UTF-8"?>
<!-- Generated by org.testng.reporters.JUnitReportReporter -->
<testsuite hostname="DESKTOP-6AHN5Q4" name="packagesecond.Chromebrowseropen" tests="2" failures="0" timestamp="12 Jun 2019 07:45:47 GMT" time="6.100" errors="0">
  <testcase name="openapp" time="4.998" classname="packagesecond.Chromebrowseropen"/>
  <testcase name="closeapp" time="1.102" classname="packagesecond.Chromebrowseropen"/>
</testsuite> <!-- packagesecond.Chromebrowseropen -->
