<?xml version="1.0" encoding="UTF-8"?>
<!-- Generated by org.testng.reporters.JUnitReportReporter -->
<testsuite skipped="0" hostname="DESKTOP-6AHN5Q4" name="roughpackage.Uploadsikuli" tests="1" failures="0" timestamp="31 Jul 2019 07:29:36 GMT" time="16.315" errors="0">
  <testcase name="uploadfile" time="16.315" classname="roughpackage.Uploadsikuli"/>
</testsuite> <!-- roughpackage.Uploadsikuli -->
